
SQL*Loader: Release 21.0.0.0.0 - Production on Sat Jun 4 23:24:02 2022
Version 21.3.0.0.0

Copyright (c) 1982, 2021, Oracle and/or its affiliates.  All rights reserved.

Control File:   .\dane\auto.txt
Data File:      dane\auto.csv
  Bad File:     .\dane\auto.bad
  Discard File:  none specified
 
 (Allow all discards)

Number to load: ALL
Number to skip: 0
Errors allowed: 50
Bind array:     250 rows, maximum of 1048576 bytes
Continuation:    none specified
Path used:      Conventional

Table BUF_AUTO, loaded from every logical record.
Insert option in effect for this table: APPEND

   Column Name                  Position   Len  Term Encl Datatype
------------------------------ ---------- ----- ---- ---- ---------------------
ID_AUTA                             FIRST     *   ,       CHARACTER            
PRZEBIEG                             NEXT     *   ,       CHARACTER            
MARKA                                NEXT     *   ,       CHARACTER            
ID_MODEL                             NEXT     *   ,       CHARACTER            
NR_VIN                               NEXT     *   ,       CHARACTER            
NR_REJESTRACYJNY                     NEXT     *   ,       CHARACTER            
DATA_REJESTRACJI_AUTA                NEXT     *   ,       DATE DD/MM/YYYY      
CENA                                 NEXT     *   ,       CHARACTER            
UWAGI                                NEXT     *   ,       CHARACTER            

Record 1: Rejected - Error on table BUF_AUTO, column ID_AUTA.
ORA-01722: invalid number


Table BUF_AUTO:
  1000 Rows successfully loaded.
  1 Row not loaded due to data errors.
  0 Rows not loaded because all WHEN clauses were failed.
  0 Rows not loaded because all fields were null.


Space allocated for bind array:                 580500 bytes(250 rows)
Read   buffer bytes: 1048576

Total logical records skipped:          0
Total logical records read:          1001
Total logical records rejected:         1
Total logical records discarded:        0

Run began on Sat Jun 04 23:24:02 2022
Run ended on Sat Jun 04 23:24:02 2022

Elapsed time was:     00:00:00.25
CPU time was:         00:00:00.07
