
SQL*Loader: Release 21.0.0.0.0 - Production on Sat Jun 4 23:24:05 2022
Version 21.3.0.0.0

Copyright (c) 1982, 2021, Oracle and/or its affiliates.  All rights reserved.

Control File:   .\dane\wypozyczenia.txt
Data File:      dane\wypozyczenia.csv
  Bad File:     .\dane\wypozyczenia.bad
  Discard File:  none specified
 
 (Allow all discards)

Number to load: ALL
Number to skip: 0
Errors allowed: 50
Bind array:     250 rows, maximum of 1048576 bytes
Continuation:    none specified
Path used:      Conventional

Table BUF_WYPOZYCZENIA, loaded from every logical record.
Insert option in effect for this table: APPEND

   Column Name                  Position   Len  Term Encl Datatype
------------------------------ ---------- ----- ---- ---- ---------------------
ID_WYPOZYCZENIA                     FIRST     *   ,       CHARACTER            
ID_PRACOWNIKA                        NEXT     *   ,       CHARACTER            
ID_AUTA                              NEXT     *   ,       CHARACTER            
ID_KLIENTA                           NEXT     *   ,       CHARACTER            
ID_RODZAJ_WYPOZYCZENIA               NEXT     *   ,       CHARACTER            
STAN_LICZNIKA_PRZED                  NEXT     *   ,       CHARACTER            
DATA_WYPOZYCZENIA                    NEXT     *   ,       DATE DD/MM/YYYY      
ID_REZERWACJI                        NEXT     *   ,       CHARACTER            
ID_ODDZIALU                          NEXT     *   ,       CHARACTER            
UWAGI                                NEXT     *   ,       CHARACTER            

Record 1: Rejected - Error on table BUF_WYPOZYCZENIA, column ID_WYPOZYCZENIA.
ORA-01722: invalid number

Record 10002: Rejected - Error on table BUF_WYPOZYCZENIA, column ID_WYPOZYCZENIA.
Column not found before end of logical record (use TRAILING NULLCOLS)
Record 10003: Rejected - Error on table BUF_WYPOZYCZENIA, column ID_WYPOZYCZENIA.
Column not found before end of logical record (use TRAILING NULLCOLS)

Table BUF_WYPOZYCZENIA:
  10000 Rows successfully loaded.
  3 Rows not loaded due to data errors.
  0 Rows not loaded because all WHEN clauses were failed.
  0 Rows not loaded because all fields were null.


Space allocated for bind array:                 645000 bytes(250 rows)
Read   buffer bytes: 1048576

Total logical records skipped:          0
Total logical records read:         10003
Total logical records rejected:         3
Total logical records discarded:        0

Run began on Sat Jun 04 23:24:05 2022
Run ended on Sat Jun 04 23:24:06 2022

Elapsed time was:     00:00:00.63
CPU time was:         00:00:00.11
