
SQL*Loader: Release 21.0.0.0.0 - Production on Sat Jun 4 23:16:17 2022
Version 21.3.0.0.0

Copyright (c) 1982, 2021, Oracle and/or its affiliates.  All rights reserved.

Control File:   .\dane\klient.txt
Data File:      dane\klient.csv
  Bad File:     .\dane\klient.bad
  Discard File:  none specified
 
 (Allow all discards)

Number to load: ALL
Number to skip: 0
Errors allowed: 50
Bind array:     250 rows, maximum of 1048576 bytes
Continuation:    none specified
Path used:      Conventional

Table KLIENT, loaded from every logical record.
Insert option in effect for this table: APPEND

   Column Name                  Position   Len  Term Encl Datatype
------------------------------ ---------- ----- ---- ---- ---------------------
ID_KLIENTA                          FIRST     *   ,       CHARACTER            
IMIE                                 NEXT     *   ,       CHARACTER            
NAZWISKO                             NEXT     *   ,       CHARACTER            
WIEK                                 NEXT     *   ,       CHARACTER            
PESEL                                NEXT     *   ,       CHARACTER            
TELEFON                              NEXT     *   ,       CHARACTER            
ID_KARTA_PLATNICZA                   NEXT     *   ,       CHARACTER            
ID_DOKUMENTU                         NEXT     *   ,       CHARACTER            
ID_PRAWO_JAZDY                       NEXT     *   ,       CHARACTER            
ID_ADRES                             NEXT     *   ,       CHARACTER            

Record 1: Rejected - Error on table KLIENT, column ID_KLIENTA.
ORA-01722: invalid number

Record 1002: Rejected - Error on table KLIENT, column ID_KLIENTA.
Column not found before end of logical record (use TRAILING NULLCOLS)

Table KLIENT:
  1000 Rows successfully loaded.
  2 Rows not loaded due to data errors.
  0 Rows not loaded because all WHEN clauses were failed.
  0 Rows not loaded because all fields were null.


Space allocated for bind array:                 645000 bytes(250 rows)
Read   buffer bytes: 1048576

Total logical records skipped:          0
Total logical records read:          1002
Total logical records rejected:         2
Total logical records discarded:        0

Run began on Sat Jun 04 23:16:17 2022
Run ended on Sat Jun 04 23:16:17 2022

Elapsed time was:     00:00:00.33
CPU time was:         00:00:00.09
