
SQL*Loader: Release 21.0.0.0.0 - Production on Sat Jun 4 23:16:16 2022
Version 21.3.0.0.0

Copyright (c) 1982, 2021, Oracle and/or its affiliates.  All rights reserved.

Control File:   .\dane\prawo_jazdy.txt
Data File:      dane\prawo_jazdy.csv
  Bad File:     .\dane\prawo_jazdy.bad
  Discard File:  none specified
 
 (Allow all discards)

Number to load: ALL
Number to skip: 0
Errors allowed: 50
Bind array:     250 rows, maximum of 1048576 bytes
Continuation:    none specified
Path used:      Conventional

Table PRAWO_JAZDY, loaded from every logical record.
Insert option in effect for this table: APPEND

   Column Name                  Position   Len  Term Encl Datatype
------------------------------ ---------- ----- ---- ---- ---------------------
ID_PRAWO_JAZDY                      FIRST     *   ,       CHARACTER            
NUMER_PRAWA_JAZDY                    NEXT     *   ,       CHARACTER            
KRAJ_WYDANIA                         NEXT     *   ,       CHARACTER            
DATA_WYDANIA                         NEXT     *   ,       DATE DD/MM/YYYY      
TERMIN_WAZNOSCI_PRAWA_JAZDY          NEXT     *   ,       DATE DD/MM/YYYY      

Record 1: Rejected - Error on table PRAWO_JAZDY, column ID_PRAWO_JAZDY.
ORA-01722: invalid number


Table PRAWO_JAZDY:
  1000 Rows successfully loaded.
  1 Row not loaded due to data errors.
  0 Rows not loaded because all WHEN clauses were failed.
  0 Rows not loaded because all fields were null.


Space allocated for bind array:                 322500 bytes(250 rows)
Read   buffer bytes: 1048576

Total logical records skipped:          0
Total logical records read:          1001
Total logical records rejected:         1
Total logical records discarded:        0

Run began on Sat Jun 04 23:16:16 2022
Run ended on Sat Jun 04 23:16:16 2022

Elapsed time was:     00:00:00.31
CPU time was:         00:00:00.11
