
SQL*Loader: Release 21.0.0.0.0 - Production on Sat Jun 4 23:16:18 2022
Version 21.3.0.0.0

Copyright (c) 1982, 2021, Oracle and/or its affiliates.  All rights reserved.

Control File:   .\dane\przeglad.txt
Data File:      dane\przeglad.csv
  Bad File:     .\dane\przeglad.bad
  Discard File:  none specified
 
 (Allow all discards)

Number to load: ALL
Number to skip: 0
Errors allowed: 50
Bind array:     250 rows, maximum of 1048576 bytes
Continuation:    none specified
Path used:      Conventional

Table PRZEGLAD, loaded from every logical record.
Insert option in effect for this table: APPEND

   Column Name                  Position   Len  Term Encl Datatype
------------------------------ ---------- ----- ---- ---- ---------------------
ID_PRZEGLADU                        FIRST     *   |       CHARACTER            
DATA_PRZEGLADU                       NEXT     *   |       DATE DD/MM/YYYY      
CENA                                 NEXT     *   |       CHARACTER            
NAZWA_FIRMY_PRZEGLADU                NEXT     *   |       CHARACTER            
ADRES_FIRMY_PRZEGLADU                NEXT     *   |       CHARACTER            
ID_AUTA                              NEXT     *   |       CHARACTER            

Record 1: Rejected - Error on table PRZEGLAD, column ID_PRZEGLADU.
ORA-01722: invalid number


Table PRZEGLAD:
  1000 Rows successfully loaded.
  1 Row not loaded due to data errors.
  0 Rows not loaded because all WHEN clauses were failed.
  0 Rows not loaded because all fields were null.


Space allocated for bind array:                 387000 bytes(250 rows)
Read   buffer bytes: 1048576

Total logical records skipped:          0
Total logical records read:          1001
Total logical records rejected:         1
Total logical records discarded:        0

Run began on Sat Jun 04 23:16:18 2022
Run ended on Sat Jun 04 23:16:18 2022

Elapsed time was:     00:00:00.26
CPU time was:         00:00:00.14
